c:\users\musta\onedrive\masaüstü\osf\srcs\client\eterlocale\release\eterlocale.pch
c:\users\musta\onedrive\masaüstü\osf\srcs\client\eterlocale\release\eterlocale.pdb
c:\users\musta\onedrive\masaüstü\osf\srcs\client\eterlocale\release\stdafx.obj
c:\users\musta\onedrive\masaüstü\osf\srcs\client\eterlocale\release\stringcodec_vietnamese.obj
c:\users\musta\onedrive\masaüstü\osf\srcs\client\eterlocale\release\stringcodec.obj
c:\users\musta\onedrive\masaüstü\osf\srcs\client\eterlocale\release\japanese.obj
c:\users\musta\onedrive\masaüstü\osf\srcs\client\eterlocale\release\arabic.obj
c:\users\musta\onedrive\masaüstü\osf\srcs\client\eterlocale\release\eterlocale.lib
c:\users\musta\onedrive\masaüstü\osf\client src\client\eterlocale\release\arabic.obj
c:\users\musta\onedrive\masaüstü\osf\client src\client\eterlocale\release\japanese.obj
c:\users\musta\onedrive\masaüstü\osf\client src\client\eterlocale\release\stdafx.obj
c:\users\musta\onedrive\masaüstü\osf\client src\client\eterlocale\release\stringcodec.obj
c:\users\musta\onedrive\masaüstü\osf\client src\client\eterlocale\release\stringcodec_vietnamese.obj
c:\users\musta\onedrive\masaüstü\osf\client src\client\eterlocale\release\eterlocale.pch
c:\users\musta\onedrive\masaüstü\osf\client src\client\eterlocale\release\eterlocale.pdb
c:\users\musta\onedrive\masaüstü\osf\client src\client\eterlocale\release\eterlocale.lib
c:\users\musta\onedrive\masaüstü\osf\client src\client\eterlocale\release\eterlocale.tlog\cl.command.1.tlog
c:\users\musta\onedrive\masaüstü\osf\client src\client\eterlocale\release\eterlocale.tlog\cl.items.tlog
c:\users\musta\onedrive\masaüstü\osf\client src\client\eterlocale\release\eterlocale.tlog\cl.read.1.tlog
c:\users\musta\onedrive\masaüstü\osf\client src\client\eterlocale\release\eterlocale.tlog\cl.write.1.tlog
c:\users\musta\onedrive\masaüstü\osf\client src\client\eterlocale\release\eterlocale.tlog\lib-link.write.1.tlog
c:\users\musta\onedrive\masaüstü\osf\client src\client\eterlocale\release\eterlocale.tlog\lib.command.1.tlog
c:\users\musta\onedrive\masaüstü\osf\client src\client\eterlocale\release\eterlocale.tlog\lib.read.1.tlog
