c:\users\musta\onedrive\masaüstü\osf\srcs\client\eterpythonlib\release\eterpythonlib.pch
c:\users\musta\onedrive\masaüstü\osf\srcs\client\eterpythonlib\release\eterpythonlib.pdb
c:\users\musta\onedrive\masaüstü\osf\srcs\client\eterpythonlib\release\stdafx.obj
c:\users\musta\onedrive\masaüstü\osf\srcs\client\eterpythonlib\release\pythonwindowmanagermodule.obj
c:\users\musta\onedrive\masaüstü\osf\srcs\client\eterpythonlib\release\pythonwindowmanager.obj
c:\users\musta\onedrive\masaüstü\osf\srcs\client\eterpythonlib\release\pythonwindow.obj
c:\users\musta\onedrive\masaüstü\osf\srcs\client\eterpythonlib\release\pythonslotwindow.obj
c:\users\musta\onedrive\masaüstü\osf\srcs\client\eterpythonlib\release\pythongridslotwindow.obj
c:\users\musta\onedrive\masaüstü\osf\srcs\client\eterpythonlib\release\pythongraphicthingmodule.obj
c:\users\musta\onedrive\masaüstü\osf\srcs\client\eterpythonlib\release\pythongraphictextmodule.obj
c:\users\musta\onedrive\masaüstü\osf\srcs\client\eterpythonlib\release\pythongraphiconoff.obj
c:\users\musta\onedrive\masaüstü\osf\srcs\client\eterpythonlib\release\pythongraphicmodule.obj
c:\users\musta\onedrive\masaüstü\osf\srcs\client\eterpythonlib\release\pythongraphicimagemodule.obj
c:\users\musta\onedrive\masaüstü\osf\srcs\client\eterpythonlib\release\pythongraphic.obj
c:\users\musta\onedrive\masaüstü\osf\srcs\client\eterpythonlib\release\eterpythonlib.lib
c:\users\musta\onedrive\masaüstü\osf\client src\client\eterpythonlib\release\pythongraphic.obj
c:\users\musta\onedrive\masaüstü\osf\client src\client\eterpythonlib\release\pythongraphicimagemodule.obj
c:\users\musta\onedrive\masaüstü\osf\client src\client\eterpythonlib\release\pythongraphicmodule.obj
c:\users\musta\onedrive\masaüstü\osf\client src\client\eterpythonlib\release\pythongraphiconoff.obj
c:\users\musta\onedrive\masaüstü\osf\client src\client\eterpythonlib\release\pythongraphictextmodule.obj
c:\users\musta\onedrive\masaüstü\osf\client src\client\eterpythonlib\release\pythongraphicthingmodule.obj
c:\users\musta\onedrive\masaüstü\osf\client src\client\eterpythonlib\release\pythongridslotwindow.obj
c:\users\musta\onedrive\masaüstü\osf\client src\client\eterpythonlib\release\pythonslotwindow.obj
c:\users\musta\onedrive\masaüstü\osf\client src\client\eterpythonlib\release\pythonwindow.obj
c:\users\musta\onedrive\masaüstü\osf\client src\client\eterpythonlib\release\pythonwindowmanager.obj
c:\users\musta\onedrive\masaüstü\osf\client src\client\eterpythonlib\release\pythonwindowmanagermodule.obj
c:\users\musta\onedrive\masaüstü\osf\client src\client\eterpythonlib\release\stdafx.obj
c:\users\musta\onedrive\masaüstü\osf\client src\client\eterpythonlib\release\eterpythonlib.pch
c:\users\musta\onedrive\masaüstü\osf\client src\client\eterpythonlib\release\eterpythonlib.pdb
c:\users\musta\onedrive\masaüstü\osf\client src\client\eterpythonlib\release\eterpythonlib.lib
c:\users\musta\onedrive\masaüstü\osf\client src\client\eterpythonlib\release\eterpythonlib.tlog\cl.command.1.tlog
c:\users\musta\onedrive\masaüstü\osf\client src\client\eterpythonlib\release\eterpythonlib.tlog\cl.items.tlog
c:\users\musta\onedrive\masaüstü\osf\client src\client\eterpythonlib\release\eterpythonlib.tlog\cl.read.1.tlog
c:\users\musta\onedrive\masaüstü\osf\client src\client\eterpythonlib\release\eterpythonlib.tlog\cl.write.1.tlog
c:\users\musta\onedrive\masaüstü\osf\client src\client\eterpythonlib\release\eterpythonlib.tlog\lib-link.write.1.tlog
c:\users\musta\onedrive\masaüstü\osf\client src\client\eterpythonlib\release\eterpythonlib.tlog\lib.command.1.tlog
c:\users\musta\onedrive\masaüstü\osf\client src\client\eterpythonlib\release\eterpythonlib.tlog\lib.read.1.tlog
