c:\users\musta\onedrive\masaüstü\osf\srcs\client\spherelib\release\spherelib.pch
c:\users\musta\onedrive\masaüstü\osf\srcs\client\spherelib\release\spherelib.pdb
c:\users\musta\onedrive\masaüstü\osf\srcs\client\spherelib\release\stdafx.obj
c:\users\musta\onedrive\masaüstü\osf\srcs\client\spherelib\release\spherepack.obj
c:\users\musta\onedrive\masaüstü\osf\srcs\client\spherelib\release\sphere.obj
c:\users\musta\onedrive\masaüstü\osf\srcs\client\spherelib\release\frustum.obj
c:\users\musta\onedrive\masaüstü\osf\srcs\client\spherelib\release\spherelib.lib
c:\users\musta\onedrive\masaüstü\osf\client src\client\spherelib\release\frustum.obj
c:\users\musta\onedrive\masaüstü\osf\client src\client\spherelib\release\sphere.obj
c:\users\musta\onedrive\masaüstü\osf\client src\client\spherelib\release\spherepack.obj
c:\users\musta\onedrive\masaüstü\osf\client src\client\spherelib\release\stdafx.obj
c:\users\musta\onedrive\masaüstü\osf\client src\client\spherelib\release\spherelib.pch
c:\users\musta\onedrive\masaüstü\osf\client src\client\spherelib\release\spherelib.pdb
c:\users\musta\onedrive\masaüstü\osf\client src\client\spherelib\release\spherelib.lib
c:\users\musta\onedrive\masaüstü\osf\client src\client\spherelib\release\spherelib.tlog\cl.command.1.tlog
c:\users\musta\onedrive\masaüstü\osf\client src\client\spherelib\release\spherelib.tlog\cl.items.tlog
c:\users\musta\onedrive\masaüstü\osf\client src\client\spherelib\release\spherelib.tlog\cl.read.1.tlog
c:\users\musta\onedrive\masaüstü\osf\client src\client\spherelib\release\spherelib.tlog\cl.write.1.tlog
c:\users\musta\onedrive\masaüstü\osf\client src\client\spherelib\release\spherelib.tlog\lib-link.write.1.tlog
c:\users\musta\onedrive\masaüstü\osf\client src\client\spherelib\release\spherelib.tlog\lib.command.1.tlog
c:\users\musta\onedrive\masaüstü\osf\client src\client\spherelib\release\spherelib.tlog\lib.read.1.tlog
