c:\users\musta\onedrive\masaüstü\osf\srcs\client\mileslib\release\mileslib.pch
c:\users\musta\onedrive\masaüstü\osf\srcs\client\mileslib\release\mileslib.pdb
c:\users\musta\onedrive\masaüstü\osf\srcs\client\mileslib\release\stdafx.obj
c:\users\musta\onedrive\masaüstü\osf\srcs\client\mileslib\release\type.obj
c:\users\musta\onedrive\masaüstü\osf\srcs\client\mileslib\release\soundmanagerstream.obj
c:\users\musta\onedrive\masaüstü\osf\srcs\client\mileslib\release\soundmanager3d.obj
c:\users\musta\onedrive\masaüstü\osf\srcs\client\mileslib\release\soundmanager2d.obj
c:\users\musta\onedrive\masaüstü\osf\srcs\client\mileslib\release\soundmanager.obj
c:\users\musta\onedrive\masaüstü\osf\srcs\client\mileslib\release\soundinstancestream.obj
c:\users\musta\onedrive\masaüstü\osf\srcs\client\mileslib\release\soundinstance3d.obj
c:\users\musta\onedrive\masaüstü\osf\srcs\client\mileslib\release\soundinstance2d.obj
c:\users\musta\onedrive\masaüstü\osf\srcs\client\mileslib\release\sounddata.obj
c:\users\musta\onedrive\masaüstü\osf\srcs\client\mileslib\release\soundbase.obj
c:\users\musta\onedrive\masaüstü\osf\srcs\client\mileslib\release\mileslib.lib
c:\users\musta\onedrive\masaüstü\osf\client src\client\mileslib\release\soundbase.obj
c:\users\musta\onedrive\masaüstü\osf\client src\client\mileslib\release\sounddata.obj
c:\users\musta\onedrive\masaüstü\osf\client src\client\mileslib\release\soundinstance2d.obj
c:\users\musta\onedrive\masaüstü\osf\client src\client\mileslib\release\soundinstance3d.obj
c:\users\musta\onedrive\masaüstü\osf\client src\client\mileslib\release\soundinstancestream.obj
c:\users\musta\onedrive\masaüstü\osf\client src\client\mileslib\release\soundmanager.obj
c:\users\musta\onedrive\masaüstü\osf\client src\client\mileslib\release\soundmanager2d.obj
c:\users\musta\onedrive\masaüstü\osf\client src\client\mileslib\release\soundmanager3d.obj
c:\users\musta\onedrive\masaüstü\osf\client src\client\mileslib\release\soundmanagerstream.obj
c:\users\musta\onedrive\masaüstü\osf\client src\client\mileslib\release\stdafx.obj
c:\users\musta\onedrive\masaüstü\osf\client src\client\mileslib\release\type.obj
c:\users\musta\onedrive\masaüstü\osf\client src\client\mileslib\release\mileslib.pch
c:\users\musta\onedrive\masaüstü\osf\client src\client\mileslib\release\mileslib.pdb
c:\users\musta\onedrive\masaüstü\osf\client src\client\mileslib\release\mileslib.lib
c:\users\musta\onedrive\masaüstü\osf\client src\client\mileslib\release\mileslib.tlog\cl.command.1.tlog
c:\users\musta\onedrive\masaüstü\osf\client src\client\mileslib\release\mileslib.tlog\cl.items.tlog
c:\users\musta\onedrive\masaüstü\osf\client src\client\mileslib\release\mileslib.tlog\cl.read.1.tlog
c:\users\musta\onedrive\masaüstü\osf\client src\client\mileslib\release\mileslib.tlog\cl.write.1.tlog
c:\users\musta\onedrive\masaüstü\osf\client src\client\mileslib\release\mileslib.tlog\lib-link.write.1.tlog
c:\users\musta\onedrive\masaüstü\osf\client src\client\mileslib\release\mileslib.tlog\lib.command.1.tlog
c:\users\musta\onedrive\masaüstü\osf\client src\client\mileslib\release\mileslib.tlog\lib.read.1.tlog
