c:\users\musta\onedrive\masaüstü\osf\srcs\client\eterimagelib\release\eterimagelib.pch
c:\users\musta\onedrive\masaüstü\osf\srcs\client\eterimagelib\release\eterimagelib.pdb
c:\users\musta\onedrive\masaüstü\osf\srcs\client\eterimagelib\release\stdafx.obj
c:\users\musta\onedrive\masaüstü\osf\srcs\client\eterimagelib\release\tgaimage.obj
c:\users\musta\onedrive\masaüstü\osf\srcs\client\eterimagelib\release\image.obj
c:\users\musta\onedrive\masaüstü\osf\srcs\client\eterimagelib\release\dxtcimage.obj
c:\users\musta\onedrive\masaüstü\osf\srcs\client\eterimagelib\release\eterimagelib.lib
c:\users\musta\onedrive\masaüstü\osf\client src\client\eterimagelib\release\dxtcimage.obj
c:\users\musta\onedrive\masaüstü\osf\client src\client\eterimagelib\release\image.obj
c:\users\musta\onedrive\masaüstü\osf\client src\client\eterimagelib\release\stdafx.obj
c:\users\musta\onedrive\masaüstü\osf\client src\client\eterimagelib\release\tgaimage.obj
c:\users\musta\onedrive\masaüstü\osf\client src\client\eterimagelib\release\eterimagelib.pch
c:\users\musta\onedrive\masaüstü\osf\client src\client\eterimagelib\release\eterimagelib.pdb
c:\users\musta\onedrive\masaüstü\osf\client src\client\eterimagelib\release\eterimagelib.lib
c:\users\musta\onedrive\masaüstü\osf\client src\client\eterimagelib\release\eterimagelib.tlog\cl.command.1.tlog
c:\users\musta\onedrive\masaüstü\osf\client src\client\eterimagelib\release\eterimagelib.tlog\cl.items.tlog
c:\users\musta\onedrive\masaüstü\osf\client src\client\eterimagelib\release\eterimagelib.tlog\cl.read.1.tlog
c:\users\musta\onedrive\masaüstü\osf\client src\client\eterimagelib\release\eterimagelib.tlog\cl.write.1.tlog
c:\users\musta\onedrive\masaüstü\osf\client src\client\eterimagelib\release\eterimagelib.tlog\lib-link.write.1.tlog
c:\users\musta\onedrive\masaüstü\osf\client src\client\eterimagelib\release\eterimagelib.tlog\lib.command.1.tlog
c:\users\musta\onedrive\masaüstü\osf\client src\client\eterimagelib\release\eterimagelib.tlog\lib.read.1.tlog
