c:\users\musta\onedrive\masaüstü\osf\srcs\client\scriptlib\release\scriptlib.pch
c:\users\musta\onedrive\masaüstü\osf\srcs\client\scriptlib\release\scriptlib.pdb
c:\users\musta\onedrive\masaüstü\osf\srcs\client\scriptlib\release\stdafx.obj
c:\users\musta\onedrive\masaüstü\osf\srcs\client\scriptlib\release\resource.obj
c:\users\musta\onedrive\masaüstü\osf\srcs\client\scriptlib\release\pythonutils.obj
c:\users\musta\onedrive\masaüstü\osf\srcs\client\scriptlib\release\pythonmarshal.obj
c:\users\musta\onedrive\masaüstü\osf\srcs\client\scriptlib\release\pythonlauncher.obj
c:\users\musta\onedrive\masaüstü\osf\srcs\client\scriptlib\release\pythondebugmodule.obj
c:\users\musta\onedrive\masaüstü\osf\srcs\client\scriptlib\release\scriptlib.lib
c:\users\musta\onedrive\masaüstü\osf\client src\client\scriptlib\release\pythondebugmodule.obj
c:\users\musta\onedrive\masaüstü\osf\client src\client\scriptlib\release\pythonlauncher.obj
c:\users\musta\onedrive\masaüstü\osf\client src\client\scriptlib\release\pythonmarshal.obj
c:\users\musta\onedrive\masaüstü\osf\client src\client\scriptlib\release\pythonutils.obj
c:\users\musta\onedrive\masaüstü\osf\client src\client\scriptlib\release\resource.obj
c:\users\musta\onedrive\masaüstü\osf\client src\client\scriptlib\release\stdafx.obj
c:\users\musta\onedrive\masaüstü\osf\client src\client\scriptlib\release\scriptlib.pch
c:\users\musta\onedrive\masaüstü\osf\client src\client\scriptlib\release\scriptlib.pdb
c:\users\musta\onedrive\masaüstü\osf\client src\client\scriptlib\release\scriptlib.lib
c:\users\musta\onedrive\masaüstü\osf\client src\client\scriptlib\release\scriptlib.tlog\cl.command.1.tlog
c:\users\musta\onedrive\masaüstü\osf\client src\client\scriptlib\release\scriptlib.tlog\cl.items.tlog
c:\users\musta\onedrive\masaüstü\osf\client src\client\scriptlib\release\scriptlib.tlog\cl.read.1.tlog
c:\users\musta\onedrive\masaüstü\osf\client src\client\scriptlib\release\scriptlib.tlog\cl.write.1.tlog
c:\users\musta\onedrive\masaüstü\osf\client src\client\scriptlib\release\scriptlib.tlog\lib-link.write.1.tlog
c:\users\musta\onedrive\masaüstü\osf\client src\client\scriptlib\release\scriptlib.tlog\lib.command.1.tlog
c:\users\musta\onedrive\masaüstü\osf\client src\client\scriptlib\release\scriptlib.tlog\lib.read.1.tlog
