c:\users\musta\onedrive\masaüstü\osf\srcs\client\etergrnlib\release\etergrnlib.pch
c:\users\musta\onedrive\masaüstü\osf\srcs\client\etergrnlib\release\etergrnlib.pdb
c:\users\musta\onedrive\masaüstü\osf\srcs\client\etergrnlib\release\stdafx.obj
c:\users\musta\onedrive\masaüstü\osf\srcs\client\etergrnlib\release\util.obj
c:\users\musta\onedrive\masaüstü\osf\srcs\client\etergrnlib\release\thinginstance.obj
c:\users\musta\onedrive\masaüstü\osf\srcs\client\etergrnlib\release\thing.obj
c:\users\musta\onedrive\masaüstü\osf\srcs\client\etergrnlib\release\motion.obj
c:\users\musta\onedrive\masaüstü\osf\srcs\client\etergrnlib\release\modelinstanceupdate.obj
c:\users\musta\onedrive\masaüstü\osf\srcs\client\etergrnlib\release\modelinstancerender.obj
c:\users\musta\onedrive\masaüstü\osf\srcs\client\etergrnlib\release\modelinstancemotion.obj
c:\users\musta\onedrive\masaüstü\osf\srcs\client\etergrnlib\release\modelinstancemodel.obj
c:\users\musta\onedrive\masaüstü\osf\srcs\client\etergrnlib\release\modelinstancecollisiondetection.obj
c:\users\musta\onedrive\masaüstü\osf\srcs\client\etergrnlib\release\modelinstance.obj
c:\users\musta\onedrive\masaüstü\osf\srcs\client\etergrnlib\release\model.obj
c:\users\musta\onedrive\masaüstü\osf\srcs\client\etergrnlib\release\mesh.obj
c:\users\musta\onedrive\masaüstü\osf\srcs\client\etergrnlib\release\material.obj
c:\users\musta\onedrive\masaüstü\osf\srcs\client\etergrnlib\release\lodcontroller.obj
c:\users\musta\onedrive\masaüstü\osf\srcs\client\etergrnlib\release\etergrnlib.lib
c:\users\musta\onedrive\masaüstü\osf\client src\client\etergrnlib\release\lodcontroller.obj
c:\users\musta\onedrive\masaüstü\osf\client src\client\etergrnlib\release\material.obj
c:\users\musta\onedrive\masaüstü\osf\client src\client\etergrnlib\release\mesh.obj
c:\users\musta\onedrive\masaüstü\osf\client src\client\etergrnlib\release\model.obj
c:\users\musta\onedrive\masaüstü\osf\client src\client\etergrnlib\release\modelinstance.obj
c:\users\musta\onedrive\masaüstü\osf\client src\client\etergrnlib\release\modelinstancecollisiondetection.obj
c:\users\musta\onedrive\masaüstü\osf\client src\client\etergrnlib\release\modelinstancemodel.obj
c:\users\musta\onedrive\masaüstü\osf\client src\client\etergrnlib\release\modelinstancemotion.obj
c:\users\musta\onedrive\masaüstü\osf\client src\client\etergrnlib\release\modelinstancerender.obj
c:\users\musta\onedrive\masaüstü\osf\client src\client\etergrnlib\release\modelinstanceupdate.obj
c:\users\musta\onedrive\masaüstü\osf\client src\client\etergrnlib\release\motion.obj
c:\users\musta\onedrive\masaüstü\osf\client src\client\etergrnlib\release\stdafx.obj
c:\users\musta\onedrive\masaüstü\osf\client src\client\etergrnlib\release\thing.obj
c:\users\musta\onedrive\masaüstü\osf\client src\client\etergrnlib\release\thinginstance.obj
c:\users\musta\onedrive\masaüstü\osf\client src\client\etergrnlib\release\util.obj
c:\users\musta\onedrive\masaüstü\osf\client src\client\etergrnlib\release\etergrnlib.pch
c:\users\musta\onedrive\masaüstü\osf\client src\client\etergrnlib\release\etergrnlib.pdb
c:\users\musta\onedrive\masaüstü\osf\client src\client\etergrnlib\release\etergrnlib.lib
c:\users\musta\onedrive\masaüstü\osf\client src\client\etergrnlib\release\etergrnlib.tlog\cl.command.1.tlog
c:\users\musta\onedrive\masaüstü\osf\client src\client\etergrnlib\release\etergrnlib.tlog\cl.items.tlog
c:\users\musta\onedrive\masaüstü\osf\client src\client\etergrnlib\release\etergrnlib.tlog\cl.read.1.tlog
c:\users\musta\onedrive\masaüstü\osf\client src\client\etergrnlib\release\etergrnlib.tlog\cl.write.1.tlog
c:\users\musta\onedrive\masaüstü\osf\client src\client\etergrnlib\release\etergrnlib.tlog\lib-link.write.1.tlog
c:\users\musta\onedrive\masaüstü\osf\client src\client\etergrnlib\release\etergrnlib.tlog\lib.command.1.tlog
c:\users\musta\onedrive\masaüstü\osf\client src\client\etergrnlib\release\etergrnlib.tlog\lib.read.1.tlog
