c:\users\musta\onedrive\masaüstü\osf\srcs\client\speedtreelib\release\speedtreelib.pch
c:\users\musta\onedrive\masaüstü\osf\srcs\client\speedtreelib\release\speedtreelib.pdb
c:\users\musta\onedrive\masaüstü\osf\srcs\client\speedtreelib\release\stdafx.obj
c:\users\musta\onedrive\masaüstü\osf\srcs\client\speedtreelib\release\speedtreewrapper.obj
c:\users\musta\onedrive\masaüstü\osf\srcs\client\speedtreelib\release\speedtreeforestdirectx8.obj
c:\users\musta\onedrive\masaüstü\osf\srcs\client\speedtreelib\release\speedtreeforest.obj
c:\users\musta\onedrive\masaüstü\osf\srcs\client\speedtreelib\release\boundaryshapemanager.obj
c:\users\musta\onedrive\masaüstü\osf\srcs\client\speedtreelib\release\speedtreelib.lib
c:\users\musta\onedrive\masaüstü\osf\client src\client\speedtreelib\release\boundaryshapemanager.obj
c:\users\musta\onedrive\masaüstü\osf\client src\client\speedtreelib\release\speedtreeforest.obj
c:\users\musta\onedrive\masaüstü\osf\client src\client\speedtreelib\release\speedtreeforestdirectx8.obj
c:\users\musta\onedrive\masaüstü\osf\client src\client\speedtreelib\release\speedtreewrapper.obj
c:\users\musta\onedrive\masaüstü\osf\client src\client\speedtreelib\release\stdafx.obj
c:\users\musta\onedrive\masaüstü\osf\client src\client\speedtreelib\release\speedtreelib.pch
c:\users\musta\onedrive\masaüstü\osf\client src\client\speedtreelib\release\speedtreelib.pdb
c:\users\musta\onedrive\masaüstü\osf\client src\client\speedtreelib\release\speedtreelib.lib
c:\users\musta\onedrive\masaüstü\osf\client src\client\speedtreelib\release\speedtreelib.tlog\cl.command.1.tlog
c:\users\musta\onedrive\masaüstü\osf\client src\client\speedtreelib\release\speedtreelib.tlog\cl.items.tlog
c:\users\musta\onedrive\masaüstü\osf\client src\client\speedtreelib\release\speedtreelib.tlog\cl.read.1.tlog
c:\users\musta\onedrive\masaüstü\osf\client src\client\speedtreelib\release\speedtreelib.tlog\cl.write.1.tlog
c:\users\musta\onedrive\masaüstü\osf\client src\client\speedtreelib\release\speedtreelib.tlog\lib-link.write.1.tlog
c:\users\musta\onedrive\masaüstü\osf\client src\client\speedtreelib\release\speedtreelib.tlog\lib.command.1.tlog
c:\users\musta\onedrive\masaüstü\osf\client src\client\speedtreelib\release\speedtreelib.tlog\lib.read.1.tlog
