  StdAfx.cpp
  AttributeData.cpp
  AttributeInstance.cpp
  BlockTexture.cpp
  Camera.cpp
  CollisionData.cpp
  ColorTransitionHelper.cpp
  CullingManager.cpp
  Decal.cpp
  DibBar.cpp
  EnvironmentMap.cpp
  FileLoaderThread.cpp
  GroupTextParseTree.cpp
  GrpBase.cpp
  GrpCollisionObject.cpp
  GrpColor.cpp
  GrpColorInstance.cpp
  GrpD3DXBuffer.cpp
  GrpDetector.cpp
  GrpDevice.cpp
  GrpDIB.cpp
  Kod Üretiliyor...
  Derleniyor...
  GrpExpandedImageInstance.cpp
  GrpFontTexture.cpp
  GrpImage.cpp
  GrpImageInstance.cpp
  GrpImageTexture.cpp
  GrpIndexBuffer.cpp
  GrpLightManager.cpp
  GrpMarkInstance.cpp
  GrpMath.cpp
  GrpObjectInstance.cpp
  GrpPixelShader.cpp
  GrpRatioInstance.cpp
  GrpRenderTargetTexture.cpp
  GrpScreen.cpp
  GrpShadowTexture.cpp
C:\Users\musta\OneDrive\Masaüstü\OSF\Srcs\Client\EterLib\GrpScreen.cpp(756,46): warning C4838: 'UINT ile 'LONG arasında dönüştürme bir daraltma dönüştürmesi gerektiriyor
  ('/GrpScreen.cpp' kaynak dosyası derleniyor)
  
C:\Users\musta\OneDrive\Masaüstü\OSF\Srcs\Client\EterLib\GrpScreen.cpp(757,66): warning C4838: 'UINT ile 'LONG arasında dönüştürme bir daraltma dönüştürmesi gerektiriyor
  ('/GrpScreen.cpp' kaynak dosyası derleniyor)
  
C:\Users\musta\OneDrive\Masaüstü\OSF\Srcs\Client\EterLib\GrpScreen.cpp(757,106): warning C4838: 'UINT ile 'LONG arasında dönüştürme bir daraltma dönüştürmesi gerektiriyor
  ('/GrpScreen.cpp' kaynak dosyası derleniyor)
  
C:\Users\musta\OneDrive\Masaüstü\OSF\Srcs\Client\EterLib\GrpScreen.cpp(759,78): warning C4838: 'UINT ile 'LONG arasında dönüştürme bir daraltma dönüştürmesi gerektiriyor
  ('/GrpScreen.cpp' kaynak dosyası derleniyor)
  
  GrpSubImage.cpp
  GrpText.cpp
  GrpTextInstance.cpp
C:\Users\musta\OneDrive\Masaüstü\OSF\Srcs\Client\EterLib\GrpTextInstance.cpp(1872,37): warning C4267: '+=': 'size_t' - 'WORD' dönüşümü; veri kaybı olabilir
  ('/GrpTextInstance.cpp' kaynak dosyası derleniyor)
  
  GrpTexture.cpp
  GrpVertexBuffer.cpp
  Kod Üretiliyor...
  Derleniyor...
  GrpVertexBufferDynamic.cpp
  GrpVertexBufferStatic.cpp
  GrpVertexShader.cpp
  IME.cpp
C:\Users\musta\OneDrive\Masaüstü\OSF\Srcs\Client\EterLib\IME.cpp(309,2): warning C4996: 'GetVersionExA': kullanım dışı olarak bildirildi
  ('/IME.cpp' kaynak dosyası derleniyor)
  
C:\Users\musta\OneDrive\Masaüstü\OSF\Srcs\Client\EterLib\IME.cpp(1226,5): warning C4996: 'GetVersionExA': kullanım dışı olarak bildirildi
  ('/IME.cpp' kaynak dosyası derleniyor)
  
  imgui.cpp
  imgui_demo.cpp
  imgui_draw.cpp
  imgui_impl_dx8.cpp
  imgui_impl_win32.cpp
  imgui_tables.cpp
  imgui_widgets.cpp
  Input.cpp
  JpegFile.cpp
  LensFlare.cpp
  lineintersect_utils.cpp
  MSApplication.cpp
  MSWindow.cpp
  Mutex.cpp
  NetAddress.cpp
  NetDatagram.cpp
  Kod Üretiliyor...
  Derleniyor...
  NetDatagramReceiver.cpp
  NetDatagramSender.cpp
  NetDevice.cpp
  NetPacketHeaderMap.cpp
  NetStream.cpp
  parser.cpp
  PathStack.cpp
  ReferenceObject.cpp
  RenderTargetManager.cpp
  Resource.cpp
  ResourceManager.cpp
  ScreenFilter.cpp
  SkyBox.cpp
  StateManager.cpp
  TargaResource.cpp
  TextBar.cpp
  TextFileLoader.cpp
  TextTag.cpp
  Thread.cpp
  Util.cpp
  Kod Üretiliyor...
  EterLib.vcxproj -> C:\Users\musta\OneDrive\Masaüstü\OSF\Srcs\Client\EterLib\Release\EterLib.lib
