  StdAfx.cpp
  ActorInstance.cpp
  ActorInstanceAttach.cpp
  ActorInstanceBattle.cpp
  ActorInstanceBlend.cpp
  ActorInstanceCollisionDetection.cpp
  ActorInstanceData.cpp
  ActorInstanceEvent.cpp
  ActorInstanceFly.cpp
  ActorInstanceMotion.cpp
  ActorInstanceMotionEvent.cpp
  ActorInstancePosition.cpp
  ActorInstanceRender.cpp
  ActorInstanceRotation.cpp
  ActorInstanceSync.cpp
  ActorInstanceWeaponTrace.cpp
  Area.cpp
  AreaLoaderThread.cpp
  AreaTerrain.cpp
  DragonSoulTable.cpp
  DungeonBlock.cpp
  Kod Üretiliyor...
  Derleniyor...
  FlyingData.cpp
  FlyingInstance.cpp
  FlyingObjectManager.cpp
  FlyTarget.cpp
  FlyTrace.cpp
  GameEventManager.cpp
  GameType.cpp
  GameUtil.cpp
  ItemData.cpp
  ItemManager.cpp
  ItemUtil.cpp
  MapBase.cpp
  MapManager.cpp
  MapOutdoor.cpp
  MapOutdoorCharacterShadow.cpp
  MapOutdoorIndexBuffer.cpp
  MapOutdoorLoad.cpp
  MapOutdoorQuadtree.cpp
  MapOutdoorRender.cpp
  MapOutdoorRenderHTP.cpp
  Kod Üretiliyor...
  Derleniyor...
  MapOutdoorRenderSTP.cpp
  MapOutdoorUpdate.cpp
  MapOutdoorWater.cpp
  MapType.cpp
  MapUtil.cpp
  MonsterAreaInfo.cpp
  PhysicsObject.cpp
  Property.cpp
  PropertyLoader.cpp
  PropertyManager.cpp
  RaceData.cpp
  RaceDataFile.cpp
  RaceManager.cpp
  RaceMotionData.cpp
  SnowEnvironment.cpp
  SnowParticle.cpp
  TerrainDecal.cpp
  TerrainPatch.cpp
  TerrainQuadtree.cpp
  WeaponTrace.cpp
  Kod Üretiliyor...
  GameLib.vcxproj -> C:\Users\musta\OneDrive\Masaüstü\OSF\Srcs\Client\GameLib\Release\GameLib.lib
