c:\users\musta\onedrive\masaüstü\osf\srcs\client\userinterface\release\$userinterface.pch
c:\users\musta\onedrive\masaüstü\osf\srcs\client\binary\metin2release.pdb
c:\users\musta\onedrive\masaüstü\osf\srcs\client\userinterface\release\stdafx.obj
c:\users\musta\onedrive\masaüstü\osf\srcs\client\userinterface\release\guildmarkdownloader.obj
c:\users\musta\onedrive\masaüstü\osf\srcs\client\userinterface\release\pythonapplicationprocedure.obj
c:\users\musta\onedrive\masaüstü\osf\srcs\client\userinterface\release\pythonnetworkstream.obj
c:\users\musta\onedrive\masaüstü\osf\srcs\client\userinterface\release\pythonnonplayermodule.obj
c:\users\musta\onedrive\masaüstü\osf\srcs\client\userinterface\release\pythonplayerskill.obj
c:\users\musta\onedrive\masaüstü\osf\srcs\client\userinterface\release\imguimanager.obj
c:\users\musta\onedrive\masaüstü\osf\srcs\client\userinterface\release\instancebaseevent.obj
c:\users\musta\onedrive\masaüstü\osf\srcs\client\userinterface\release\pythonapplicationlogo.obj
c:\users\musta\onedrive\masaüstü\osf\srcs\client\userinterface\release\pythonminimapmodule.obj
c:\users\musta\onedrive\masaüstü\osf\srcs\client\userinterface\release\pythonnetworkstreamphasegameactor.obj
c:\users\musta\onedrive\masaüstü\osf\srcs\client\userinterface\release\pythonsystem.obj
c:\users\musta\onedrive\masaüstü\osf\srcs\client\userinterface\release\accountconnector.obj
c:\users\musta\onedrive\masaüstü\osf\srcs\client\userinterface\release\pythonapplicationcamera.obj
c:\users\musta\onedrive\masaüstü\osf\srcs\client\userinterface\release\pythonime.obj
c:\users\musta\onedrive\masaüstü\osf\srcs\client\userinterface\release\pythonmailbox.obj
c:\users\musta\onedrive\masaüstü\osf\srcs\client\userinterface\release\pythonmyshopdecomanager.obj
c:\users\musta\onedrive\masaüstü\osf\srcs\client\userinterface\release\pythonrootlibmanager.obj
c:\users\musta\onedrive\masaüstü\osf\srcs\client\userinterface\release\pythonsafebox.obj
c:\users\musta\onedrive\masaüstü\osf\srcs\client\userinterface\release\pythonshop.obj
c:\users\musta\onedrive\masaüstü\osf\srcs\client\userinterface\release\serverstatechecker.obj
c:\users\musta\onedrive\masaüstü\osf\srcs\client\userinterface\release\cefclienthandler.obj
c:\users\musta\onedrive\masaüstü\osf\srcs\client\userinterface\release\markmanager.obj
c:\users\musta\onedrive\masaüstü\osf\srcs\client\userinterface\release\pythonapplicationcursor.obj
c:\users\musta\onedrive\masaüstü\osf\srcs\client\userinterface\release\pythonmessenger.obj
c:\users\musta\onedrive\masaüstü\osf\srcs\client\userinterface\release\pythonnetworkstreamcommand.obj
c:\users\musta\onedrive\masaüstü\osf\srcs\client\userinterface\release\pythonpackmodule.obj
c:\users\musta\onedrive\masaüstü\osf\srcs\client\userinterface\release\pythonplayereventhandler.obj
c:\users\musta\onedrive\masaüstü\osf\srcs\client\userinterface\release\pythonskill.obj
c:\users\musta\onedrive\masaüstü\osf\srcs\client\userinterface\release\checklatestfiles.obj
c:\users\musta\onedrive\masaüstü\osf\srcs\client\userinterface\release\instancebasemotion.obj
c:\users\musta\onedrive\masaüstü\osf\srcs\client\userinterface\release\pythonapplicationmodule.obj
c:\users\musta\onedrive\masaüstü\osf\srcs\client\userinterface\release\pythonnetworkstreamphaseloading.obj
c:\users\musta\onedrive\masaüstü\osf\srcs\client\userinterface\release\pythonyutnorimanager.obj
c:\users\musta\onedrive\masaüstü\osf\srcs\client\userinterface\release\cefclientapp.obj
c:\users\musta\onedrive\masaüstü\osf\srcs\client\userinterface\release\movieman.obj
c:\users\musta\onedrive\masaüstü\osf\srcs\client\userinterface\release\pythongameeventmanagermodule.obj
c:\users\musta\onedrive\masaüstü\osf\srcs\client\userinterface\release\pythonnetworkstreamphasegame.obj
c:\users\musta\onedrive\masaüstü\osf\srcs\client\userinterface\release\instancebasebattle.obj
c:\users\musta\onedrive\masaüstü\osf\srcs\client\userinterface\release\pythoncharactermanager.obj
c:\users\musta\onedrive\masaüstü\osf\srcs\client\userinterface\release\pythoneffectmodule.obj
c:\users\musta\onedrive\masaüstü\osf\srcs\client\userinterface\release\pythonnetworkdatagram.obj
c:\users\musta\onedrive\masaüstü\osf\srcs\client\userinterface\release\pythonnetworkdatagrammodule.obj
c:\users\musta\onedrive\masaüstü\osf\srcs\client\userinterface\release\pythonnetworkstreamevent.obj
c:\users\musta\onedrive\masaüstü\osf\srcs\client\userinterface\release\pythonnetworkstreamphasegameitem.obj
c:\users\musta\onedrive\masaüstü\osf\srcs\client\userinterface\release\pythonplayerinputmouse.obj
c:\users\musta\onedrive\masaüstü\osf\srcs\client\userinterface\release\cameraprocedure.obj
c:\users\musta\onedrive\masaüstü\osf\srcs\client\userinterface\release\processcrc.obj
c:\users\musta\onedrive\masaüstü\osf\srcs\client\userinterface\release\processscanner.obj
c:\users\musta\onedrive\masaüstü\osf\srcs\client\userinterface\release\pythonapplicationevent.obj
c:\users\musta\onedrive\masaüstü\osf\srcs\client\userinterface\release\pythonminimap.obj
c:\users\musta\onedrive\masaüstü\osf\srcs\client\userinterface\release\pythonsoundmanagermodule.obj
c:\users\musta\onedrive\masaüstü\osf\srcs\client\userinterface\release\instancebase.obj
c:\users\musta\onedrive\masaüstü\osf\srcs\client\userinterface\release\pythonchatmodule.obj
c:\users\musta\onedrive\masaüstü\osf\srcs\client\userinterface\release\pythoneventmanager.obj
c:\users\musta\onedrive\masaüstü\osf\srcs\client\userinterface\release\pythonnetworkstreamphaselogin.obj
c:\users\musta\onedrive\masaüstü\osf\srcs\client\userinterface\release\pythonnetworkstreamphaseselect.obj
c:\users\musta\onedrive\masaüstü\osf\srcs\client\userinterface\release\pythonplayerinput.obj
c:\users\musta\onedrive\masaüstü\osf\srcs\client\userinterface\release\pythoningameeventsystemmanager.obj
c:\users\musta\onedrive\masaüstü\osf\srcs\client\userinterface\release\pythonapplication.obj
c:\users\musta\onedrive\masaüstü\osf\srcs\client\userinterface\release\pythonguild.obj
c:\users\musta\onedrive\masaüstü\osf\srcs\client\userinterface\release\pythonnetworkstreammodule.obj
c:\users\musta\onedrive\masaüstü\osf\srcs\client\userinterface\release\pythonnetworkstreamphaseoffline.obj
c:\users\musta\onedrive\masaüstü\osf\srcs\client\userinterface\release\cefwebbrowser.obj
c:\users\musta\onedrive\masaüstü\osf\srcs\client\userinterface\release\metinstoneswapmanager.obj
c:\users\musta\onedrive\masaüstü\osf\srcs\client\userinterface\release\pythoncharactermodule.obj
c:\users\musta\onedrive\masaüstü\osf\srcs\client\userinterface\release\pythonexceptionsender.obj
c:\users\musta\onedrive\masaüstü\osf\srcs\client\userinterface\release\pythonexchangemodule.obj
c:\users\musta\onedrive\masaüstü\osf\srcs\client\userinterface\release\pythonlocale.obj
c:\users\musta\onedrive\masaüstü\osf\srcs\client\userinterface\release\serverstatecheckermodule.obj
c:\users\musta\onedrive\masaüstü\osf\srcs\client\userinterface\release\userinterface.obj
c:\users\musta\onedrive\masaüstü\osf\srcs\client\userinterface\release\cefclientv8extensionhandler.obj
c:\users\musta\onedrive\masaüstü\osf\srcs\client\userinterface\release\locale.obj
c:\users\musta\onedrive\masaüstü\osf\srcs\client\userinterface\release\pythonexchange.obj
c:\users\musta\onedrive\masaüstü\osf\srcs\client\userinterface\release\pythonitem.obj
c:\users\musta\onedrive\masaüstü\osf\srcs\client\userinterface\release\pythonplayer.obj
c:\users\musta\onedrive\masaüstü\osf\srcs\client\userinterface\release\instancebaseeffect.obj
c:\users\musta\onedrive\masaüstü\osf\srcs\client\userinterface\release\pythonbackgroundmodule.obj
c:\users\musta\onedrive\masaüstü\osf\srcs\client\userinterface\release\pythonchat.obj
c:\users\musta\onedrive\masaüstü\osf\srcs\client\userinterface\release\pythonflymodule.obj
c:\users\musta\onedrive\masaüstü\osf\srcs\client\userinterface\release\pythonillustratedmanager.obj
c:\users\musta\onedrive\masaüstü\osf\srcs\client\userinterface\release\pythonimemodule.obj
c:\users\musta\onedrive\masaüstü\osf\srcs\client\userinterface\release\pythonplayermodule.obj
c:\users\musta\onedrive\masaüstü\osf\srcs\client\userinterface\release\affectflagcontainer.obj
c:\users\musta\onedrive\masaüstü\osf\srcs\client\userinterface\release\instancebasemovement.obj
c:\users\musta\onedrive\masaüstü\osf\srcs\client\userinterface\release\pythonapplicationwebpage.obj
c:\users\musta\onedrive\masaüstü\osf\srcs\client\userinterface\release\pythonnetworkstreamphasehandshake.obj
c:\users\musta\onedrive\masaüstü\osf\srcs\client\userinterface\release\pythontexttailmodule.obj
c:\users\musta\onedrive\masaüstü\osf\srcs\client\userinterface\release\gametype.obj
c:\users\musta\onedrive\masaüstü\osf\srcs\client\userinterface\release\instancebasetransform.obj
c:\users\musta\onedrive\masaüstü\osf\srcs\client\userinterface\release\pythonbackground.obj
c:\users\musta\onedrive\masaüstü\osf\srcs\client\userinterface\release\pythoneventmanagermoudle.obj
c:\users\musta\onedrive\masaüstü\osf\srcs\client\userinterface\release\pythonitemmodule.obj
c:\users\musta\onedrive\masaüstü\osf\srcs\client\userinterface\release\pythonnonplayer.obj
c:\users\musta\onedrive\masaüstü\osf\srcs\client\userinterface\release\pythonprofilermodule.obj
c:\users\musta\onedrive\masaüstü\osf\srcs\client\userinterface\release\pythonquest.obj
c:\users\musta\onedrive\masaüstü\osf\srcs\client\userinterface\release\pythonranking.obj
c:\users\musta\onedrive\masaüstü\osf\srcs\client\userinterface\release\pythonsystemmodule.obj
c:\users\musta\onedrive\masaüstü\osf\srcs\client\userinterface\release\pythontexttail.obj
c:\users\musta\onedrive\masaüstü\osf\srcs\client\userinterface\release\guildmarkuploader.obj
c:\users\musta\onedrive\masaüstü\osf\srcs\client\userinterface\release\insultchecker.obj
c:\users\musta\onedrive\masaüstü\osf\srcs\client\userinterface\release\markimage.obj
c:\users\musta\onedrive\masaüstü\osf\srcs\client\userinterface\release\networkactormanager.obj
c:\users\musta\onedrive\masaüstü\osf\srcs\client\userinterface\release\pythoncharactermanagermodule.obj
c:\users\musta\onedrive\masaüstü\osf\srcs\client\userinterface\release\pythoncubemanager.obj
c:\users\musta\onedrive\masaüstü\osf\srcs\client\userinterface\release\pythonplayerinputkeyboard.obj
c:\users\musta\onedrive\masaüstü\osf\srcs\client\userinterface\release\minini.obj
c:\users\musta\onedrive\masaüstü\osf\srcs\client\binary\metin2release.exe
c:\users\musta\onedrive\masaüstü\osf\srcs\client\userinterface\release\metin2release.map
c:\users\musta\onedrive\masaüstü\osf\srcs\client\userinterface\release\userinterface.res
c:\users\musta\onedrive\masaüstü\osf\srcs\client\binary\metin2release.lib
c:\users\musta\onedrive\masaüstü\osf\srcs\client\binary\metin2release.exp
c:\users\musta\onedrive\masaüstü\osf\client src\client\userinterface\release\accountconnector.obj
c:\users\musta\onedrive\masaüstü\osf\client src\client\userinterface\release\affectflagcontainer.obj
c:\users\musta\onedrive\masaüstü\osf\client src\client\userinterface\release\cameraprocedure.obj
c:\users\musta\onedrive\masaüstü\osf\client src\client\userinterface\release\cefclientapp.obj
c:\users\musta\onedrive\masaüstü\osf\client src\client\userinterface\release\cefclienthandler.obj
c:\users\musta\onedrive\masaüstü\osf\client src\client\userinterface\release\cefclientv8extensionhandler.obj
c:\users\musta\onedrive\masaüstü\osf\client src\client\userinterface\release\cefwebbrowser.obj
c:\users\musta\onedrive\masaüstü\osf\client src\client\userinterface\release\checklatestfiles.obj
c:\users\musta\onedrive\masaüstü\osf\client src\client\userinterface\release\gametype.obj
c:\users\musta\onedrive\masaüstü\osf\client src\client\userinterface\release\guildmarkdownloader.obj
c:\users\musta\onedrive\masaüstü\osf\client src\client\userinterface\release\guildmarkuploader.obj
c:\users\musta\onedrive\masaüstü\osf\client src\client\userinterface\release\imguimanager.obj
c:\users\musta\onedrive\masaüstü\osf\client src\client\userinterface\release\instancebase.obj
c:\users\musta\onedrive\masaüstü\osf\client src\client\userinterface\release\instancebasebattle.obj
c:\users\musta\onedrive\masaüstü\osf\client src\client\userinterface\release\instancebaseeffect.obj
c:\users\musta\onedrive\masaüstü\osf\client src\client\userinterface\release\instancebaseevent.obj
c:\users\musta\onedrive\masaüstü\osf\client src\client\userinterface\release\instancebasemotion.obj
c:\users\musta\onedrive\masaüstü\osf\client src\client\userinterface\release\instancebasemovement.obj
c:\users\musta\onedrive\masaüstü\osf\client src\client\userinterface\release\instancebasetransform.obj
c:\users\musta\onedrive\masaüstü\osf\client src\client\userinterface\release\insultchecker.obj
c:\users\musta\onedrive\masaüstü\osf\client src\client\userinterface\release\locale.obj
c:\users\musta\onedrive\masaüstü\osf\client src\client\userinterface\release\markimage.obj
c:\users\musta\onedrive\masaüstü\osf\client src\client\userinterface\release\markmanager.obj
c:\users\musta\onedrive\masaüstü\osf\client src\client\userinterface\release\metinstoneswapmanager.obj
c:\users\musta\onedrive\masaüstü\osf\client src\client\userinterface\release\minini.obj
c:\users\musta\onedrive\masaüstü\osf\client src\client\userinterface\release\movieman.obj
c:\users\musta\onedrive\masaüstü\osf\client src\client\userinterface\release\networkactormanager.obj
c:\users\musta\onedrive\masaüstü\osf\client src\client\userinterface\release\processcrc.obj
c:\users\musta\onedrive\masaüstü\osf\client src\client\userinterface\release\processscanner.obj
c:\users\musta\onedrive\masaüstü\osf\client src\client\userinterface\release\pythonapplication.obj
c:\users\musta\onedrive\masaüstü\osf\client src\client\userinterface\release\pythonapplicationcamera.obj
c:\users\musta\onedrive\masaüstü\osf\client src\client\userinterface\release\pythonapplicationcursor.obj
c:\users\musta\onedrive\masaüstü\osf\client src\client\userinterface\release\pythonapplicationevent.obj
c:\users\musta\onedrive\masaüstü\osf\client src\client\userinterface\release\pythonapplicationlogo.obj
c:\users\musta\onedrive\masaüstü\osf\client src\client\userinterface\release\pythonapplicationmodule.obj
c:\users\musta\onedrive\masaüstü\osf\client src\client\userinterface\release\pythonapplicationprocedure.obj
c:\users\musta\onedrive\masaüstü\osf\client src\client\userinterface\release\pythonapplicationwebpage.obj
c:\users\musta\onedrive\masaüstü\osf\client src\client\userinterface\release\pythonbackground.obj
c:\users\musta\onedrive\masaüstü\osf\client src\client\userinterface\release\pythonbackgroundmodule.obj
c:\users\musta\onedrive\masaüstü\osf\client src\client\userinterface\release\pythoncharactermanager.obj
c:\users\musta\onedrive\masaüstü\osf\client src\client\userinterface\release\pythoncharactermanagermodule.obj
c:\users\musta\onedrive\masaüstü\osf\client src\client\userinterface\release\pythoncharactermodule.obj
c:\users\musta\onedrive\masaüstü\osf\client src\client\userinterface\release\pythonchat.obj
c:\users\musta\onedrive\masaüstü\osf\client src\client\userinterface\release\pythonchatmodule.obj
c:\users\musta\onedrive\masaüstü\osf\client src\client\userinterface\release\pythoncubemanager.obj
c:\users\musta\onedrive\masaüstü\osf\client src\client\userinterface\release\pythoneffectmodule.obj
c:\users\musta\onedrive\masaüstü\osf\client src\client\userinterface\release\pythoneventmanager.obj
c:\users\musta\onedrive\masaüstü\osf\client src\client\userinterface\release\pythoneventmanagermoudle.obj
c:\users\musta\onedrive\masaüstü\osf\client src\client\userinterface\release\pythonexceptionsender.obj
c:\users\musta\onedrive\masaüstü\osf\client src\client\userinterface\release\pythonexchange.obj
c:\users\musta\onedrive\masaüstü\osf\client src\client\userinterface\release\pythonexchangemodule.obj
c:\users\musta\onedrive\masaüstü\osf\client src\client\userinterface\release\pythonflymodule.obj
c:\users\musta\onedrive\masaüstü\osf\client src\client\userinterface\release\pythongameeventmanagermodule.obj
c:\users\musta\onedrive\masaüstü\osf\client src\client\userinterface\release\pythonguild.obj
c:\users\musta\onedrive\masaüstü\osf\client src\client\userinterface\release\pythonillustratedmanager.obj
c:\users\musta\onedrive\masaüstü\osf\client src\client\userinterface\release\pythonime.obj
c:\users\musta\onedrive\masaüstü\osf\client src\client\userinterface\release\pythonimemodule.obj
c:\users\musta\onedrive\masaüstü\osf\client src\client\userinterface\release\pythoningameeventsystemmanager.obj
c:\users\musta\onedrive\masaüstü\osf\client src\client\userinterface\release\pythonitem.obj
c:\users\musta\onedrive\masaüstü\osf\client src\client\userinterface\release\pythonitemmodule.obj
c:\users\musta\onedrive\masaüstü\osf\client src\client\userinterface\release\pythonlocale.obj
c:\users\musta\onedrive\masaüstü\osf\client src\client\userinterface\release\pythonmailbox.obj
c:\users\musta\onedrive\masaüstü\osf\client src\client\userinterface\release\pythonmessenger.obj
c:\users\musta\onedrive\masaüstü\osf\client src\client\userinterface\release\pythonminimap.obj
c:\users\musta\onedrive\masaüstü\osf\client src\client\userinterface\release\pythonminimapmodule.obj
c:\users\musta\onedrive\masaüstü\osf\client src\client\userinterface\release\pythonmyshopdecomanager.obj
c:\users\musta\onedrive\masaüstü\osf\client src\client\userinterface\release\pythonnetworkdatagram.obj
c:\users\musta\onedrive\masaüstü\osf\client src\client\userinterface\release\pythonnetworkdatagrammodule.obj
c:\users\musta\onedrive\masaüstü\osf\client src\client\userinterface\release\pythonnetworkstream.obj
c:\users\musta\onedrive\masaüstü\osf\client src\client\userinterface\release\pythonnetworkstreamcommand.obj
c:\users\musta\onedrive\masaüstü\osf\client src\client\userinterface\release\pythonnetworkstreamevent.obj
c:\users\musta\onedrive\masaüstü\osf\client src\client\userinterface\release\pythonnetworkstreammodule.obj
c:\users\musta\onedrive\masaüstü\osf\client src\client\userinterface\release\pythonnetworkstreamphasegame.obj
c:\users\musta\onedrive\masaüstü\osf\client src\client\userinterface\release\pythonnetworkstreamphasegameactor.obj
c:\users\musta\onedrive\masaüstü\osf\client src\client\userinterface\release\pythonnetworkstreamphasegameitem.obj
c:\users\musta\onedrive\masaüstü\osf\client src\client\userinterface\release\pythonnetworkstreamphasehandshake.obj
c:\users\musta\onedrive\masaüstü\osf\client src\client\userinterface\release\pythonnetworkstreamphaseloading.obj
c:\users\musta\onedrive\masaüstü\osf\client src\client\userinterface\release\pythonnetworkstreamphaselogin.obj
c:\users\musta\onedrive\masaüstü\osf\client src\client\userinterface\release\pythonnetworkstreamphaseoffline.obj
c:\users\musta\onedrive\masaüstü\osf\client src\client\userinterface\release\pythonnetworkstreamphaseselect.obj
c:\users\musta\onedrive\masaüstü\osf\client src\client\userinterface\release\pythonnonplayer.obj
c:\users\musta\onedrive\masaüstü\osf\client src\client\userinterface\release\pythonnonplayermodule.obj
c:\users\musta\onedrive\masaüstü\osf\client src\client\userinterface\release\pythonpackmodule.obj
c:\users\musta\onedrive\masaüstü\osf\client src\client\userinterface\release\pythonplayer.obj
c:\users\musta\onedrive\masaüstü\osf\client src\client\userinterface\release\pythonplayereventhandler.obj
c:\users\musta\onedrive\masaüstü\osf\client src\client\userinterface\release\pythonplayerinput.obj
c:\users\musta\onedrive\masaüstü\osf\client src\client\userinterface\release\pythonplayerinputkeyboard.obj
c:\users\musta\onedrive\masaüstü\osf\client src\client\userinterface\release\pythonplayerinputmouse.obj
c:\users\musta\onedrive\masaüstü\osf\client src\client\userinterface\release\pythonplayermodule.obj
c:\users\musta\onedrive\masaüstü\osf\client src\client\userinterface\release\pythonplayerskill.obj
c:\users\musta\onedrive\masaüstü\osf\client src\client\userinterface\release\pythonprofilermodule.obj
c:\users\musta\onedrive\masaüstü\osf\client src\client\userinterface\release\pythonquest.obj
c:\users\musta\onedrive\masaüstü\osf\client src\client\userinterface\release\pythonranking.obj
c:\users\musta\onedrive\masaüstü\osf\client src\client\userinterface\release\pythonrootlibmanager.obj
c:\users\musta\onedrive\masaüstü\osf\client src\client\userinterface\release\pythonsafebox.obj
c:\users\musta\onedrive\masaüstü\osf\client src\client\userinterface\release\pythonshop.obj
c:\users\musta\onedrive\masaüstü\osf\client src\client\userinterface\release\pythonskill.obj
c:\users\musta\onedrive\masaüstü\osf\client src\client\userinterface\release\pythonsoundmanagermodule.obj
c:\users\musta\onedrive\masaüstü\osf\client src\client\userinterface\release\pythonsystem.obj
c:\users\musta\onedrive\masaüstü\osf\client src\client\userinterface\release\pythonsystemmodule.obj
c:\users\musta\onedrive\masaüstü\osf\client src\client\userinterface\release\pythontexttail.obj
c:\users\musta\onedrive\masaüstü\osf\client src\client\userinterface\release\pythontexttailmodule.obj
c:\users\musta\onedrive\masaüstü\osf\client src\client\userinterface\release\pythonyutnorimanager.obj
c:\users\musta\onedrive\masaüstü\osf\client src\client\userinterface\release\serverstatechecker.obj
c:\users\musta\onedrive\masaüstü\osf\client src\client\userinterface\release\serverstatecheckermodule.obj
c:\users\musta\onedrive\masaüstü\osf\client src\client\userinterface\release\stdafx.obj
c:\users\musta\onedrive\masaüstü\osf\client src\client\userinterface\release\userinterface.obj
c:\users\musta\onedrive\masaüstü\osf\client src\client\userinterface\release\userinterface.res
c:\users\musta\onedrive\masaüstü\osf\client src\client\userinterface\release\$userinterface.pch
c:\users\musta\onedrive\masaüstü\osf\client src\client\binary\metin2release.pdb
c:\users\musta\onedrive\masaüstü\osf\client src\client\binary\metin2release.exe
c:\users\musta\onedrive\masaüstü\osf\client src\client\userinterface\release\userinterface.tlog\cl.command.1.tlog
c:\users\musta\onedrive\masaüstü\osf\client src\client\userinterface\release\userinterface.tlog\cl.items.tlog
c:\users\musta\onedrive\masaüstü\osf\client src\client\userinterface\release\userinterface.tlog\cl.read.1.tlog
c:\users\musta\onedrive\masaüstü\osf\client src\client\userinterface\release\userinterface.tlog\cl.write.1.tlog
c:\users\musta\onedrive\masaüstü\osf\client src\client\userinterface\release\userinterface.tlog\link.command.1.tlog
c:\users\musta\onedrive\masaüstü\osf\client src\client\userinterface\release\userinterface.tlog\link.read.1.tlog
c:\users\musta\onedrive\masaüstü\osf\client src\client\userinterface\release\userinterface.tlog\link.secondary.1.tlog
c:\users\musta\onedrive\masaüstü\osf\client src\client\userinterface\release\userinterface.tlog\link.write.1.tlog
c:\users\musta\onedrive\masaüstü\osf\client src\client\userinterface\release\userinterface.tlog\rc.command.1.tlog
c:\users\musta\onedrive\masaüstü\osf\client src\client\userinterface\release\userinterface.tlog\rc.read.1.tlog
c:\users\musta\onedrive\masaüstü\osf\client src\client\userinterface\release\userinterface.tlog\rc.write.1.tlog
